<?xml version="1.0" encoding="UTF-8"?>
<testsuite xmlns:xsi="http://www.w3.org/2001/XMLSchema-instance" xsi:noNamespaceSchemaLocation="https://maven.apache.org/surefire/maven-surefire-plugin/xsd/surefire-test-report-3.0.xsd" version="3.0" name="com.codermast.takeoutfood.V1ApplicationTests" time="5.056" tests="1" errors="0" skipped="0" failures="0">
  <properties>
[...]
</properties>
  <testcase name="contextLoads" classname="com.codermast.takeoutfood.V1ApplicationTests" time="0.393">
    <system-out><![CDATA[17:32:25.112 [main] DEBUG org.springframework.test.context.BootstrapUtils - Instantiating CacheAwareContextLoaderDelegate from class [org.springframework.test.context.cache.DefaultCacheAwareContextLoaderDelegate]
17:32:25.132 [main] DEBUG org.springframework.test.context.BootstrapUtils - Instantiating BootstrapContext using constructor [public org.springframework.test.context.support.DefaultBootstrapContext(java.lang.Class,org.springframework.test.context.CacheAwareContextLoaderDelegate)]
17:32:25.166 [main] DEBUG org.springframework.test.context.BootstrapUtils - Instantiating TestContextBootstrapper for test class [com.codermast.takeoutfood.V1ApplicationTests] from class [org.springframework.boot.test.context.SpringBootTestContextBootstrapper]
17:32:25.186 [main] INFO org.springframework.boot.test.context.SpringBootTestContextBootstrapper - Neither @ContextConfiguration nor @ContextHierarchy found for test class [com.codermast.takeoutfood.V1ApplicationTests], using SpringBootContextLoader
17:32:25.190 [main] DEBUG org.springframework.test.context.support.AbstractContextLoader - Did not detect default resource location for test class [com.codermast.takeoutfood.V1ApplicationTests]: class path resource [com/codermast/takeoutfood/V1ApplicationTests-context.xml] does not exist
17:32:25.191 [main] DEBUG org.springframework.test.context.support.AbstractContextLoader - Did not detect default resource location for test class [com.codermast.takeoutfood.V1ApplicationTests]: class path resource [com/codermast/takeoutfood/V1ApplicationTestsContext.groovy] does not exist
17:32:25.192 [main] INFO org.springframework.test.context.support.AbstractContextLoader - Could not detect default resource locations for test class [com.codermast.takeoutfood.V1ApplicationTests]: no resource found for suffixes {-context.xml, Context.groovy}.
17:32:25.192 [main] INFO org.springframework.test.context.support.AnnotationConfigContextLoaderUtils - Could not detect default configuration classes for test class [com.codermast.takeoutfood.V1ApplicationTests]: V1ApplicationTests does not declare any static, non-private, non-final, nested classes annotated with @Configuration.
17:32:25.247 [main] DEBUG org.springframework.test.context.support.ActiveProfilesUtils - Could not find an 'annotation declaring class' for annotation type [org.springframework.test.context.ActiveProfiles] and class [com.codermast.takeoutfood.V1ApplicationTests]
17:32:25.323 [main] DEBUG org.springframework.context.annotation.ClassPathScanningCandidateComponentProvider - Identified candidate component class: file [/Users/jiajia/Desktop/sample/restaurantOrderingSystem/target/classes/com/codermast/takeoutfood/V1Application.class]
17:32:25.324 [main] INFO org.springframework.boot.test.context.SpringBootTestContextBootstrapper - Found @SpringBootConfiguration com.codermast.takeoutfood.V1Application for test class com.codermast.takeoutfood.V1ApplicationTests
17:32:25.428 [main] DEBUG org.springframework.boot.test.context.SpringBootTestContextBootstrapper - @TestExecutionListeners is not present for class [com.codermast.takeoutfood.V1ApplicationTests]: using defaults.
17:32:25.429 [main] INFO org.springframework.boot.test.context.SpringBootTestContextBootstrapper - Loaded default TestExecutionListener class names from location [META-INF/spring.factories]: [org.springframework.boot.test.mock.mockito.MockitoTestExecutionListener, org.springframework.boot.test.mock.mockito.ResetMocksTestExecutionListener, org.springframework.boot.test.autoconfigure.restdocs.RestDocsTestExecutionListener, org.springframework.boot.test.autoconfigure.web.client.MockRestServiceServerResetTestExecutionListener, org.springframework.boot.test.autoconfigure.web.servlet.MockMvcPrintOnlyOnFailureTestExecutionListener, org.springframework.boot.test.autoconfigure.web.servlet.WebDriverTestExecutionListener, org.springframework.boot.test.autoconfigure.webservices.client.MockWebServiceServerTestExecutionListener, org.springframework.test.context.web.ServletTestExecutionListener, org.springframework.test.context.support.DirtiesContextBeforeModesTestExecutionListener, org.springframework.test.context.support.DependencyInjectionTestExecutionListener, org.springframework.test.context.support.DirtiesContextTestExecutionListener, org.springframework.test.context.transaction.TransactionalTestExecutionListener, org.springframework.test.context.jdbc.SqlScriptsTestExecutionListener, org.springframework.test.context.event.EventPublishingTestExecutionListener]
17:32:25.446 [main] INFO org.springframework.boot.test.context.SpringBootTestContextBootstrapper - Using TestExecutionListeners: [org.springframework.test.context.web.ServletTestExecutionListener@3688eb5b, org.springframework.test.context.support.DirtiesContextBeforeModesTestExecutionListener@69f1a286, org.springframework.boot.test.mock.mockito.MockitoTestExecutionListener@7922d892, org.springframework.boot.test.autoconfigure.SpringBootDependencyInjectionTestExecutionListener@457c9034, org.springframework.test.context.support.DirtiesContextTestExecutionListener@345f69f3, org.springframework.test.context.transaction.TransactionalTestExecutionListener@50de186c, org.springframework.test.context.jdbc.SqlScriptsTestExecutionListener@3f57bcad, org.springframework.test.context.event.EventPublishingTestExecutionListener@1e8b7643, org.springframework.boot.test.mock.mockito.ResetMocksTestExecutionListener@51549490, org.springframework.boot.test.autoconfigure.restdocs.RestDocsTestExecutionListener@71e9ebae, org.springframework.boot.test.autoconfigure.web.client.MockRestServiceServerResetTestExecutionListener@73d983ea, org.springframework.boot.test.autoconfigure.web.servlet.MockMvcPrintOnlyOnFailureTestExecutionListener@36a5cabc, org.springframework.boot.test.autoconfigure.web.servlet.WebDriverTestExecutionListener@432038ec, org.springframework.boot.test.autoconfigure.webservices.client.MockWebServiceServerTestExecutionListener@7daa0fbd]
17:32:25.449 [main] DEBUG org.springframework.test.context.support.AbstractDirtiesContextTestExecutionListener - Before test class: context [DefaultTestContext@7d446ed1 testClass = V1ApplicationTests, testInstance = [null], testMethod = [null], testException = [null], mergedContextConfiguration = [WebMergedContextConfiguration@12d2ce03 testClass = V1ApplicationTests, locations = '{}', classes = '{class com.codermast.takeoutfood.V1Application}', contextInitializerClasses = '[]', activeProfiles = '{}', propertySourceLocations = '{}', propertySourceProperties = '{org.springframework.boot.test.context.SpringBootTestContextBootstrapper=true}', contextCustomizers = set[org.springframework.boot.test.context.filter.ExcludeFilterContextCustomizer@24fcf36f, org.springframework.boot.test.json.DuplicateJsonObjectContextCustomizerFactory$DuplicateJsonObjectContextCustomizer@ea6147e, org.springframework.boot.test.mock.mockito.MockitoContextCustomizer@0, org.springframework.boot.test.web.client.TestRestTemplateContextCustomizer@76c3e77a, org.springframework.boot.test.autoconfigure.properties.PropertyMappingContextCustomizer@0, org.springframework.boot.test.autoconfigure.web.servlet.WebDriverContextCustomizerFactory$Customizer@611889f4, org.springframework.boot.test.context.SpringBootTestArgs@1, org.springframework.boot.test.context.SpringBootTestWebEnvironment@4b553d26], resourceBasePath = 'src/main/webapp', contextLoader = 'org.springframework.boot.test.context.SpringBootContextLoader', parent = [null]], attributes = map['org.springframework.test.context.web.ServletTestExecutionListener.activateListener' -> true]], class annotated with @DirtiesContext [false] with mode [null].
17:32:25.482 [main] DEBUG org.springframework.test.context.support.TestPropertySourceUtils - Adding inlined properties to environment: {spring.jmx.enabled=false, org.springframework.boot.test.context.SpringBootTestContextBootstrapper=true}

  .   ____          _            __ _ _
 /\\ / ___'_ __ _ _(_)_ __  __ _ \ \ \ \
( ( )\___ | '_ | '_| | '_ \/ _` | \ \ \ \
 \\/  ___)| |_)| | | | | || (_| |  ) ) ) )
  '  |____| .__|_| |_|_| |_\__, | / / / /
 =========|_|==============|___/=/_/_/_/
 :: Spring Boot ::        (v2.3.7.RELEASE)

2024-02-24 17:32:26.026  INFO 46424 --- [           main] c.c.takeoutfood.V1ApplicationTests       : Starting V1ApplicationTests on AnnaMacBook.local with PID 46424 (started by jiajia in /Users/jiajia/Desktop/sample/restaurantOrderingSystem)
2024-02-24 17:32:26.028  INFO 46424 --- [           main] c.c.takeoutfood.V1ApplicationTests       : No active profile set, falling back to default profiles: default
2024-02-24 17:32:26.278  WARN 46424 --- [kground-preinit] o.s.h.c.j.Jackson2ObjectMapperBuilder    : For Jackson Kotlin classes support please add "com.fasterxml.jackson.module:jackson-module-kotlin" to the classpath
Logging initialized using 'class org.apache.ibatis.logging.stdout.StdOutImpl' adapter.
2024-02-24 17:32:27.537  INFO 46424 --- [           main] c.a.d.s.b.a.DruidDataSourceAutoConfigure : Init DruidDataSource
2024-02-24 17:32:27.887  INFO 46424 --- [           main] com.alibaba.druid.pool.DruidDataSource   : {dataSource-1} inited
Registered plugin: 'com.baomidou.mybatisplus.extension.plugins.MybatisPlusInterceptor@372ca2d6'
Property 'mapperLocations' was not specified.
 _ _   |_  _ _|_. ___ _ |    _ 
| | |\/|_)(_| | |_\  |_)||_|_\ 
     /               |         
                        3.5.2 
2024-02-24 17:32:28.944  INFO 46424 --- [           main] c.c.takeoutfood.config.WebMvcConfig      : 使用自定义消息转换器
2024-02-24 17:32:28.961  INFO 46424 --- [           main] c.c.takeoutfood.config.WebMvcConfig      : 静态资源开始映射...
2024-02-24 17:32:29.613  INFO 46424 --- [           main] c.c.takeoutfood.V1ApplicationTests       : Started V1ApplicationTests in 4.117 seconds (JVM running for 5.294)
]]></system-out>
  </testcase>
</testsuite>